# JRE version: Java(TM) SE Runtime Environment (7.0_79-b15) (build 1.7.0_79-b15)
# Java VM: Java HotSpot(TM) 64-Bit Server VM (24.79-b02 mixed mode windows-amd64 compressed oops)
Heap
 PSYoungGen      total 237568K, used 50493K [0x00000000eaa80000, 0x00000000ff600000, 0x0000000100000000)
  eden space 193024K, 4% used [0x00000000eaa80000,0x00000000eb228380,0x00000000f6700000)
  from space 44544K, 95% used [0x00000000f9980000,0x00000000fc327338,0x00000000fc500000)
  to   space 51712K, 0% used [0x00000000f6700000,0x00000000f6700000,0x00000000f9980000)
 ParOldGen       total 133120K, used 102742K [0x00000000c0000000, 0x00000000c8200000, 0x00000000eaa80000)
  object space 133120K, 77% used [0x00000000c0000000,0x00000000c6455ba8,0x00000000c8200000)
 PSPermGen       total 21504K, used 6201K [0x00000000bae00000, 0x00000000bc300000, 0x00000000c0000000)
  object space 21504K, 28% used [0x00000000bae00000,0x00000000bb40e430,0x00000000bc300000)
GC Heap History (10 events):
Event: 3.741 GC heap before
{Heap before GC invocations=12 (full 1):
 PSYoungGen      total 161792K, used 161664K [0x00000000eaa80000, 0x00000000f8380000, 0x0000000100000000)
  eden space 141824K, 100% used [0x00000000eaa80000,0x00000000f3500000,0x00000000f3500000)
  from space 19968K, 99% used [0x00000000f7000000,0x00000000f83601a8,0x00000000f8380000)
  to   space 25088K, 0% used [0x00000000f5280000,0x00000000f5280000,0x00000000f6b00000)
 ParOldGen       total 75264K, used 40485K [0x00000000c0000000, 0x00000000c4980000, 0x00000000eaa80000)
  object space 75264K, 53% used [0x00000000c0000000,0x00000000c27896a0,0x00000000c4980000)
 PSPermGen       total 21504K, used 6151K [0x00000000bae00000, 0x00000000bc300000, 0x00000000c0000000)
  object space 21504K, 28% used [0x00000000bae00000,0x00000000bb401e90,0x00000000bc300000)
Event: 3.776 GC heap after
Heap after GC invocations=12 (full 1):
 PSYoungGen      total 197120K, used 25073K [0x00000000eaa80000, 0x00000000f9e80000, 0x0000000100000000)
  eden space 172032K, 0% used [0x00000000eaa80000,0x00000000eaa80000,0x00000000f5280000)
  from space 25088K, 99% used [0x00000000f5280000,0x00000000f6afc718,0x00000000f6b00000)
  to   space 34816K, 0% used [0x00000000f7c80000,0x00000000f7c80000,0x00000000f9e80000)
 ParOldGen       total 75264K, used 54479K [0x00000000c0000000, 0x00000000c4980000, 0x00000000eaa80000)
  object space 75264K, 72% used [0x00000000c0000000,0x00000000c3533dd0,0x00000000c4980000)
 PSPermGen       total 21504K, used 6151K [0x00000000bae00000, 0x00000000bc300000, 0x00000000c0000000)
  object space 21504K, 28% used [0x00000000bae00000,0x00000000bb401e90,0x00000000bc300000)
}
Event: 4.514 GC heap before
{Heap before GC invocations=13 (full 1):
 PSYoungGen      total 197120K, used 197105K [0x00000000eaa80000, 0x00000000f9e80000, 0x0000000100000000)
  eden space 172032K, 100% used [0x00000000eaa80000,0x00000000f5280000,0x00000000f5280000)
  from space 25088K, 99% used [0x00000000f5280000,0x00000000f6afc718,0x00000000f6b00000)
  to   space 34816K, 0% used [0x00000000f7c80000,0x00000000f7c80000,0x00000000f9e80000)
 ParOldGen       total 75264K, used 54479K [0x00000000c0000000, 0x00000000c4980000, 0x00000000eaa80000)
  object space 75264K, 72% used [0x00000000c0000000,0x00000000c3533dd0,0x00000000c4980000)
 PSPermGen       total 21504K, used 6168K [0x00000000bae00000, 0x00000000bc300000, 0x00000000c0000000)
  object space 21504K, 28% used [0x00000000bae00000,0x00000000bb406158,0x00000000bc300000)
Event: 4.567 GC heap after
Heap after GC invocations=13 (full 1):
 PSYoungGen      total 202240K, used 34797K [0x00000000eaa80000, 0x00000000fde00000, 0x0000000100000000)
  eden space 167424K, 0% used [0x00000000eaa80000,0x00000000eaa80000,0x00000000f4e00000)
  from space 34816K, 99% used [0x00000000f7c80000,0x00000000f9e7b6f0,0x00000000f9e80000)
  to   space 47616K, 0% used [0x00000000f4e00000,0x00000000f4e00000,0x00000000f7c80000)
 ParOldGen       total 75264K, used 72186K [0x00000000c0000000, 0x00000000c4980000, 0x00000000eaa80000)
  object space 75264K, 95% used [0x00000000c0000000,0x00000000c467eac0,0x00000000c4980000)
 PSPermGen       total 21504K, used 6168K [0x00000000bae00000, 0x00000000bc300000, 0x00000000c0000000)
  object space 21504K, 28% used [0x00000000bae00000,0x00000000bb406158,0x00000000bc300000)
}
Event: 4.567 GC heap before
{Heap before GC invocations=14 (full 2):
 PSYoungGen      total 202240K, used 34797K [0x00000000eaa80000, 0x00000000fde00000, 0x0000000100000000)
  eden space 167424K, 0% used [0x00000000eaa80000,0x00000000eaa80000,0x00000000f4e00000)
  from space 34816K, 99% used [0x00000000f7c80000,0x00000000f9e7b6f0,0x00000000f9e80000)
  to   space 47616K, 0% used [0x00000000f4e00000,0x00000000f4e00000,0x00000000f7c80000)
 ParOldGen       total 75264K, used 72186K [0x00000000c0000000, 0x00000000c4980000, 0x00000000eaa80000)
  object space 75264K, 95% used [0x00000000c0000000,0x00000000c467eac0,0x00000000c4980000)
 PSPermGen       total 21504K, used 6168K [0x00000000bae00000, 0x00000000bc300000, 0x00000000c0000000)
  object space 21504K, 28% used [0x00000000bae00000,0x00000000bb406158,0x00000000bc300000)
Event: 4.876 GC heap after
Heap after GC invocations=14 (full 2):
 PSYoungGen      total 202240K, used 27531K [0x00000000eaa80000, 0x00000000fde00000, 0x0000000100000000)
  eden space 167424K, 0% used [0x00000000eaa80000,0x00000000eaa80000,0x00000000f4e00000)
  from space 34816K, 79% used [0x00000000f7c80000,0x00000000f9762d28,0x00000000f9e80000)
  to   space 47616K, 0% used [0x00000000f4e00000,0x00000000f4e00000,0x00000000f7c80000)
 ParOldGen       total 133120K, used 75000K [0x00000000c0000000, 0x00000000c8200000, 0x00000000eaa80000)
  object space 133120K, 56% used [0x00000000c0000000,0x00000000c493e1d0,0x00000000c8200000)
 PSPermGen       total 21504K, used 6167K [0x00000000bae00000, 0x00000000bc300000, 0x00000000c0000000)
  object space 21504K, 28% used [0x00000000bae00000,0x00000000bb405cb8,0x00000000bc300000)
}
Event: 5.657 GC heap before
{Heap before GC invocations=15 (full 2):
 PSYoungGen      total 202240K, used 194955K [0x00000000eaa80000, 0x00000000fde00000, 0x0000000100000000)
  eden space 167424K, 100% used [0x00000000eaa80000,0x00000000f4e00000,0x00000000f4e00000)
  from space 34816K, 79% used [0x00000000f7c80000,0x00000000f9762d28,0x00000000f9e80000)
  to   space 47616K, 0% used [0x00000000f4e00000,0x00000000f4e00000,0x00000000f7c80000)
 ParOldGen       total 133120K, used 75000K [0x00000000c0000000, 0x00000000c8200000, 0x00000000eaa80000)
  object space 133120K, 56% used [0x00000000c0000000,0x00000000c493e1d0,0x00000000c8200000)
 PSPermGen       total 21504K, used 6190K [0x00000000bae00000, 0x00000000bc300000, 0x00000000c0000000)
  object space 21504K, 28% used [0x00000000bae00000,0x00000000bb40b850,0x00000000bc300000)
Event: 5.699 GC heap after
Heap after GC invocations=15 (full 2):
 PSYoungGen      total 215040K, used 14429K [0x00000000eaa80000, 0x00000000fc500000, 0x0000000100000000)
  eden space 167424K, 0% used [0x00000000eaa80000,0x00000000eaa80000,0x00000000f4e00000)
  from space 47616K, 30% used [0x00000000f4e00000,0x00000000f5c17758,0x00000000f7c80000)
  to   space 44544K, 0% used [0x00000000f9980000,0x00000000f9980000,0x00000000fc500000)
 ParOldGen       total 133120K, used 102742K [0x00000000c0000000, 0x00000000c8200000, 0x00000000eaa80000)
  object space 133120K, 77% used [0x00000000c0000000,0x00000000c6455ba8,0x00000000c8200000)
 PSPermGen       total 21504K, used 6190K [0x00000000bae00000, 0x00000000bc300000, 0x00000000c0000000)
  object space 21504K, 28% used [0x00000000bae00000,0x00000000bb40b850,0x00000000bc300000)
}
Event: 5.976 GC heap before
{Heap before GC invocations=16 (full 2):
 PSYoungGen      total 215040K, used 181853K [0x00000000eaa80000, 0x00000000fc500000, 0x0000000100000000)
  eden space 167424K, 100% used [0x00000000eaa80000,0x00000000f4e00000,0x00000000f4e00000)
  from space 47616K, 30% used [0x00000000f4e00000,0x00000000f5c17758,0x00000000f7c80000)
  to   space 44544K, 0% used [0x00000000f9980000,0x00000000f9980000,0x00000000fc500000)
 ParOldGen       total 133120K, used 102742K [0x00000000c0000000, 0x00000000c8200000, 0x00000000eaa80000)
  object space 133120K, 77% used [0x00000000c0000000,0x00000000c6455ba8,0x00000000c8200000)
 PSPermGen       total 21504K, used 6201K [0x00000000bae00000, 0x00000000bc300000, 0x00000000c0000000)
  object space 21504K, 28% used [0x00000000bae00000,0x00000000bb40e410,0x00000000bc300000)
Event: 6.980 GC heap after
Heap after GC invocations=16 (full 2):
 PSYoungGen      total 237568K, used 42652K [0x00000000eaa80000, 0x00000000ff600000, 0x0000000100000000)
  eden space 193024K, 0% used [0x00000000eaa80000,0x00000000eaa80000,0x00000000f6700000)
  from space 44544K, 95% used [0x00000000f9980000,0x00000000fc327338,0x00000000fc500000)
  to   space 51712K, 0% used [0x00000000f6700000,0x00000000f6700000,0x00000000f9980000)
 ParOldGen       total 133120K, used 102742K [0x00000000c0000000, 0x00000000c8200000, 0x00000000eaa80000)
  object space 133120K, 77% used [0x00000000c0000000,0x00000000c6455ba8,0x00000000c8200000)
 PSPermGen       total 21504K, used 6201K [0x00000000bae00000, 0x00000000bc300000, 0x00000000c0000000)
  object space 21504K, 28% used [0x00000000bae00000,0x00000000bb40e410,0x00000000bc300000)
}

